// 同步 ID: 8c290681 @ Thu Jul  2 16:35:19 UTC 2026
// 同步 ID: 9e760aac @ Thu Jul  2 18:26:52 UTC 2026
// 重构日志: d64241b0
// 重构日志: 5847e4ee
// 重构日志: d9a9d9f9
// 同步 ID: 67737b56 @ Fri Jul  3 21:39:39 UTC 2026
// 同步 ID: 5c2b59c5 @ Sat Jul  4 16:17:01 UTC 2026
// 重构日志: fc9594fd
// 同步 ID: e05cdabd @ Mon Jul  6 15:14:31 UTC 2026
// 重构日志: 8ab3299b
// 同步 ID: 0ce76bb8 @ Wed Jul  8 19:07:14 UTC 2026
// 同步 ID: f04c4bb2 @ Thu Jul  9 13:22:32 UTC 2026
// 同步 ID: c53edad5 @ Sat Jul 11 09:53:29 UTC 2026
// 同步 ID: ab47d8ed @ Sat Jul 11 10:38:47 UTC 2026
// 同步 ID: 34f3a249 @ Sat Jul 11 12:45:54 UTC 2026
// 同步 ID: b31ed5a8 @ Sat Jul 11 14:26:07 UTC 2026
// 同步 ID: d3866749 @ Sat Jul 11 17:34:51 UTC 2026
// 同步 ID: 2150b09a @ Sun Jul 12 11:52:33 UTC 2026
// 同步 ID: c495636b @ Sun Jul 12 18:15:29 UTC 2026
// 同步 ID: 3947dae9 @ Mon Jul 13 17:28:06 UTC 2026
// 同步 ID: da6d807f @ Tue Jul 14 09:39:27 UTC 2026
// 同步 ID: f39697c7 @ Tue Jul 14 11:16:31 UTC 2026
// 重构日志: d411f388
// 同步 ID: 5c84c1da @ Wed Jul 15 00:28:38 UTC 2026
// 重构日志: b2fefd1e
// 重构日志: 66f95277
// 同步 ID: 82f5fd7a @ Wed Jul 15 14:52:06 UTC 2026
// 同步 ID: 1194b6d0 @ Thu Jul 16 14:38:23 UTC 2026
// 重构日志: 69bf58d1
// 同步 ID: c9e37c3c @ Sat Jul 18 00:07:18 UTC 2026
